<?xml version="1.0" encoding="UTF-8"?>
<!-- Generated by org.testng.reporters.JUnitXMLReporter -->
<testsuite ignored="0" hostname="Personal-PC" failures="0" tests="6" name="Default test" time="7.0" errors="0" timestamp="2025-03-16T16:41:11 IST">
  <testcase classname="API.Testing" name="Create" time="3.234"/>
  <testcase classname="API.Testing" name="GetAllUser" time="0.806"/>
  <testcase classname="API.Testing" name="GetUser" time="0.696"/>
  <testcase classname="API.Testing" name="SearchRecipes" time="0.733"/>
  <testcase classname="API.Testing" name="deletrequest" time="0.699"/>
  <testcase classname="API.Testing" name="putrequest" time="0.735"/>
</testsuite> <!-- Default test -->
