<?xml version="1.0" encoding="UTF-8"?>
<testng-results ignored="0" total="6" passed="6" failed="0" skipped="0">
  <reporter-output>
  </reporter-output>
  <suite started-at="2025-03-16T16:41:04 IST" name="Default suite" finished-at="2025-03-16T16:41:11 IST" duration-ms="7000">
    <groups>
    </groups>
    <test started-at="2025-03-16T16:41:04 IST" name="Default test" finished-at="2025-03-16T16:41:11 IST" duration-ms="7000">
      <class name="API.Testing">
        <test-method signature="Create()[pri:0, instance:API.Testing@2aceadd4]" started-at="2025-03-16T16:41:04 IST" name="Create" finished-at="2025-03-16T16:41:07 IST" duration-ms="3234" status="PASS">
          <reporter-output>
          </reporter-output>
        </test-method> <!-- Create -->
        <test-method signature="GetAllUser()[pri:0, instance:API.Testing@2aceadd4]" started-at="2025-03-16T16:41:07 IST" name="GetAllUser" finished-at="2025-03-16T16:41:08 IST" duration-ms="806" status="PASS">
          <reporter-output>
          </reporter-output>
        </test-method> <!-- GetAllUser -->
        <test-method signature="GetUser()[pri:0, instance:API.Testing@2aceadd4]" started-at="2025-03-16T16:41:08 IST" name="GetUser" finished-at="2025-03-16T16:41:08 IST" duration-ms="696" status="PASS">
          <reporter-output>
          </reporter-output>
        </test-method> <!-- GetUser -->
        <test-method signature="SearchRecipes()[pri:0, instance:API.Testing@2aceadd4]" started-at="2025-03-16T16:41:08 IST" name="SearchRecipes" finished-at="2025-03-16T16:41:09 IST" duration-ms="733" status="PASS">
          <reporter-output>
          </reporter-output>
        </test-method> <!-- SearchRecipes -->
        <test-method signature="deletrequest()[pri:0, instance:API.Testing@2aceadd4]" started-at="2025-03-16T16:41:09 IST" name="deletrequest" finished-at="2025-03-16T16:41:10 IST" duration-ms="699" status="PASS">
          <reporter-output>
          </reporter-output>
        </test-method> <!-- deletrequest -->
        <test-method signature="putrequest()[pri:0, instance:API.Testing@2aceadd4]" started-at="2025-03-16T16:41:10 IST" name="putrequest" finished-at="2025-03-16T16:41:11 IST" duration-ms="735" status="PASS">
          <reporter-output>
          </reporter-output>
        </test-method> <!-- putrequest -->
      </class> <!-- API.Testing -->
    </test> <!-- Default test -->
  </suite> <!-- Default suite -->
</testng-results>
